\BOOKMARK [0][-]{chapter.1}{\376\377\000C\000o\000u\000r\000s\000e\000\040\000I\000n\000t\000r\000o\000d\000u\000c\000t\000i\000o\000n}{}% 1
\BOOKMARK [1][-]{section.1.1}{\376\377\000O\000v\000e\000r\000v\000i\000e\000w}{chapter.1}% 2
\BOOKMARK [1][-]{section.1.2}{\376\377\000E\000l\000e\000c\000t\000r\000i\000c\000a\000l\000\040\000F\000l\000o\000w\000s\000\040\000a\000n\000d\000\040\000V\000o\000l\000t\000a\000g\000e\000s\000\040\000-\000\040\000a\000\040\000G\000r\000a\000p\000h\000\040\000P\000r\000o\000b\000l\000e\000m\000\040\000f\000r\000o\000m\000\040\000M\000i\000d\000d\000l\000e\000\040\000S\000c\000h\000o\000o\000l\000?}{chapter.1}% 3
\BOOKMARK [1][-]{section.1.3}{\376\377\000C\000o\000n\000v\000e\000x\000\040\000O\000p\000t\000i\000m\000i\000z\000a\000t\000i\000o\000n}{chapter.1}% 4
\BOOKMARK [1][-]{section.1.4}{\376\377\000M\000o\000r\000e\000\040\000G\000r\000a\000p\000h\000\040\000O\000p\000t\000i\000m\000i\000z\000a\000t\000i\000o\000n\000\040\000P\000r\000o\000b\000l\000e\000m\000s}{chapter.1}% 5
\BOOKMARK [-1][-]{part.1}{\376\377\000I\000\040\000I\000n\000t\000r\000o\000d\000u\000c\000t\000i\000o\000n\000\040\000t\000o\000\040\000C\000o\000n\000v\000e\000x\000\040\000O\000p\000t\000i\000m\000i\000z\000a\000t\000i\000o\000n}{}% 6
\BOOKMARK [0][-]{chapter.2}{\376\377\000S\000o\000m\000e\000\040\000B\000a\000s\000i\000c\000\040\000O\000p\000t\000i\000m\000i\000z\000a\000t\000i\000o\000n\000,\000\040\000C\000o\000n\000v\000e\000x\000\040\000G\000e\000o\000m\000e\000t\000r\000y\000,\000\040\000a\000n\000d\000\040\000L\000i\000n\000e\000a\000r\000\040\000A\000l\000g\000e\000b\000r\000a}{part.1}% 7
\BOOKMARK [1][-]{section.2.1}{\376\377\000O\000v\000e\000r\000v\000i\000e\000w}{chapter.2}% 8
\BOOKMARK [1][-]{section.2.2}{\376\377\000O\000p\000t\000i\000m\000i\000z\000a\000t\000i\000o\000n\000\040\000P\000r\000o\000b\000l\000e\000m\000s}{chapter.2}% 9
\BOOKMARK [1][-]{section.2.3}{\376\377\000A\000\040\000C\000h\000a\000r\000a\000c\000t\000e\000r\000i\000z\000a\000t\000i\000o\000n\000\040\000o\000f\000\040\000C\000o\000n\000v\000e\000x\000\040\000F\000u\000n\000c\000t\000i\000o\000n\000s}{chapter.2}% 10
\BOOKMARK [2][-]{subsection.2.3.1}{\376\377\000F\000i\000r\000s\000t\000-\000o\000r\000d\000e\000r\000\040\000T\000a\000y\000l\000o\000r\000\040\000A\000p\000p\000r\000o\000x\000i\000m\000a\000t\000i\000o\000n}{section.2.3}% 11
\BOOKMARK [2][-]{subsection.2.3.2}{\376\377\000D\000i\000r\000e\000c\000t\000i\000o\000n\000a\000l\000\040\000D\000e\000r\000i\000v\000a\000t\000i\000v\000e\000s}{section.2.3}% 12
\BOOKMARK [2][-]{subsection.2.3.3}{\376\377\000L\000o\000w\000e\000r\000\040\000B\000o\000u\000n\000d\000i\000n\000g\000\040\000C\000o\000n\000v\000e\000x\000\040\000F\000u\000n\000c\000t\000i\000o\000n\000s\000\040\000w\000i\000t\000h\000\040\000A\000f\000f\000i\000n\000e\000\040\000F\000u\000n\000c\000t\000i\000o\000n\000s}{section.2.3}% 13
\BOOKMARK [1][-]{section.2.4}{\376\377\000C\000o\000n\000d\000i\000t\000i\000o\000n\000s\000\040\000f\000o\000r\000\040\000O\000p\000t\000i\000m\000a\000l\000i\000t\000y}{chapter.2}% 14
\BOOKMARK [0][-]{chapter.3}{\376\377\000C\000o\000n\000v\000e\000x\000i\000t\000y\000,\000\040\000S\000e\000c\000o\000n\000d\000\040\000D\000e\000r\000i\000v\000a\000t\000i\000v\000e\000s\000\040\000a\000n\000d\000\040\000G\000r\000a\000d\000i\000e\000n\000t\000\040\000D\000e\000s\000c\000e\000n\000t}{part.1}% 15
\BOOKMARK [1][-]{section.3.1}{\376\377\000A\000\040\000R\000e\000v\000i\000e\000w\000\040\000o\000f\000\040\000L\000i\000n\000e\000a\000r\000\040\000A\000l\000g\000e\000b\000r\000a}{chapter.3}% 16
\BOOKMARK [1][-]{section.3.2}{\376\377\000C\000h\000a\000r\000a\000c\000t\000e\000r\000i\000z\000a\000t\000i\000o\000n\000s\000\040\000o\000f\000\040\000C\000o\000n\000v\000e\000x\000i\000t\000y\000\040\000a\000n\000d\000\040\000O\000p\000t\000i\000m\000a\000l\000i\000t\000y\000\040\000v\000i\000a\000\040\000S\000e\000c\000o\000n\000d\000\040\000D\000e\000r\000i\000v\000a\000t\000i\000v\000e\000s}{chapter.3}% 17
\BOOKMARK [2][-]{subsection.3.2.1}{\376\377\000A\000\040\000N\000e\000c\000e\000s\000s\000a\000r\000y\000\040\000C\000o\000n\000d\000i\000t\000i\000o\000n\000\040\000f\000o\000r\000\040\000L\000o\000c\000a\000l\000\040\000E\000x\000t\000r\000e\000m\000a}{section.3.2}% 18
\BOOKMARK [2][-]{subsection.3.2.2}{\376\377\000A\000\040\000s\000u\000f\000f\000i\000c\000i\000e\000n\000t\000\040\000c\000o\000n\000d\000i\000t\000i\000o\000n\000\040\000f\000o\000r\000\040\000l\000o\000c\000a\000l\000\040\000e\000x\000t\000r\000e\000m\000a}{section.3.2}% 19
\BOOKMARK [2][-]{subsection.3.2.3}{\376\377\000C\000h\000a\000r\000a\000c\000t\000e\000r\000i\000z\000a\000t\000i\000o\000n\000\040\000o\000f\000\040\000c\000o\000n\000v\000e\000x\000i\000t\000y}{section.3.2}% 20
\BOOKMARK [1][-]{section.3.3}{\376\377\000G\000r\000a\000d\000i\000e\000n\000t\000\040\000D\000e\000s\000c\000e\000n\000t\000\040\000-\000\040\000A\000n\000\040\000A\000p\000p\000r\000o\000a\000c\000h\000\040\000t\000o\000\040\000O\000p\000t\000i\000m\000i\000z\000a\000t\000i\000o\000n\000?}{chapter.3}% 21
\BOOKMARK [2][-]{subsection.3.3.1}{\376\377\000A\000\040\000Q\000u\000a\000n\000t\000i\000t\000a\000t\000i\000v\000e\000\040\000B\000o\000u\000n\000d\000\040\000o\000n\000\040\000C\000h\000a\000n\000g\000e\000s\000\040\000i\000n\000\040\000t\000h\000e\000\040\000G\000r\000a\000d\000i\000e\000n\000t}{section.3.3}% 22
\BOOKMARK [2][-]{subsection.3.3.2}{\376\377\000A\000n\000a\000l\000y\000z\000i\000n\000g\000\040\000G\000r\000a\000d\000i\000e\000n\000t\000\040\000D\000e\000s\000c\000e\000n\000t}{section.3.3}% 23
\BOOKMARK [1][-]{section.3.4}{\376\377\000A\000c\000c\000e\000l\000e\000r\000a\000t\000e\000d\000\040\000G\000r\000a\000d\000i\000e\000n\000t\000\040\000D\000e\000s\000c\000e\000n\000t}{chapter.3}% 24
\BOOKMARK [-1][-]{part.2}{\376\377\000I\000I\000\040\000S\000p\000e\000c\000t\000r\000a\000l\000\040\000G\000r\000a\000p\000h\000\040\000T\000h\000e\000o\000r\000y}{}% 25
\BOOKMARK [0][-]{chapter.4}{\376\377\000I\000n\000t\000r\000o\000d\000u\000c\000t\000i\000o\000n\000\040\000t\000o\000\040\000S\000p\000e\000c\000t\000r\000a\000l\000\040\000G\000r\000a\000p\000h\000\040\000T\000h\000e\000o\000r\000y}{part.2}% 26
\BOOKMARK [1][-]{section.4.1}{\376\377\000R\000e\000c\000a\000p\000:\000\040\000I\000n\000c\000i\000d\000e\000n\000c\000e\000\040\000a\000n\000d\000\040\000A\000d\000j\000a\000c\000e\000n\000c\000y\000\040\000M\000a\000t\000r\000i\000c\000e\000s\000,\000\040\000t\000h\000e\000\040\000L\000a\000p\000l\000a\000c\000i\000a\000n\000\040\000M\000a\000t\000r\000i\000x\000\040\000a\000n\000d\000\040\000E\000l\000e\000c\000t\000r\000i\000c\000a\000l\000\040\000E\000n\000e\000r\000g\000y}{chapter.4}% 27
\BOOKMARK [1][-]{section.4.2}{\376\377\000U\000n\000d\000e\000r\000s\000t\000a\000n\000d\000i\000n\000g\000\040\000E\000i\000g\000e\000n\000v\000a\000l\000u\000e\000s\000\040\000o\000f\000\040\000t\000h\000e\000\040\000L\000a\000p\000l\000a\000c\000i\000a\000n}{chapter.4}% 28
\BOOKMARK [1][-]{section.4.3}{\376\377\000T\000h\000e\000\040\000C\000o\000m\000p\000l\000e\000t\000e\000\040\000G\000r\000a\000p\000h}{chapter.4}% 29
\BOOKMARK [1][-]{section.4.4}{\376\377\000T\000h\000e\000\040\000P\000a\000t\000h\000\040\000G\000r\000a\000p\000h}{chapter.4}% 30
\BOOKMARK [2][-]{subsection.4.4.1}{\376\377\000U\000p\000p\000e\000r\000\040\000B\000o\000u\000n\000d\000i\000n\000g\000\040\0002\000\050\000P\000n\000\051\000\040\000v\000i\000a\000\040\000T\000e\000s\000t\000\040\000V\000e\000c\000t\000o\000r\000s}{section.4.4}% 31
\BOOKMARK [2][-]{subsection.4.4.2}{\376\377\000L\000o\000w\000e\000r\000\040\000B\000o\000u\000n\000d\000i\000n\000g\000\040\000n\000\050\000P\000n\000\051\000\040\000v\000i\000a\000\040\000T\000e\000s\000t\000\040\000V\000e\000c\000t\000o\000r\000s}{section.4.4}% 32
\BOOKMARK [2][-]{subsection.4.4.3}{\376\377\000U\000p\000p\000e\000r\000\040\000b\000o\000u\000n\000d\000i\000n\000g\000\040\000n\000\050\000P\000n\000\051\000\040\000v\000i\000a\000\040\000t\000h\000e\000\040\000L\000o\000e\000w\000n\000e\000r\000\040\000O\000r\000d\000e\000r}{section.4.4}% 33
\BOOKMARK [2][-]{subsection.4.4.4}{\376\377\000L\000o\000w\000e\000r\000\040\000b\000o\000u\000n\000d\000i\000n\000g\000\040\0002\000\050\000P\000n\000\051\000\040\000v\000i\000a\000\040\000t\000h\000e\000\040\000L\000o\000e\000w\000n\000e\000r\000\040\000O\000r\000d\000e\000r}{section.4.4}% 34
\BOOKMARK [1][-]{section.4.5}{\376\377\000T\000h\000e\000\040\000C\000o\000m\000p\000l\000e\000t\000e\000\040\000B\000i\000n\000a\000r\000y\000\040\000T\000r\000e\000e}{chapter.4}% 35
\BOOKMARK [2][-]{subsection.4.5.1}{\376\377\000D\000e\000r\000i\000v\000i\000n\000g\000\040\000B\000o\000u\000n\000d\000s\000\040\000o\000n\000\040\000n\000\050\000T\000n\000\051}{section.4.5}% 36
\BOOKMARK [2][-]{subsection.4.5.2}{\376\377\000U\000p\000p\000e\000r\000\040\000B\000o\000u\000n\000d\000i\000n\000g\000\040\0002\000\040\000v\000i\000a\000\040\000T\000e\000s\000t\000\040\000V\000e\000c\000t\000o\000r\000s}{section.4.5}% 37
\BOOKMARK [2][-]{subsection.4.5.3}{\376\377\000L\000o\000w\000e\000r\000\040\000B\000o\000u\000n\000d\000i\000n\000g\000\040\0002}{section.4.5}% 38
\BOOKMARK [0][-]{chapter.5}{\376\377\000P\000s\000e\000u\000d\000o\000-\000i\000n\000v\000e\000r\000s\000e\000s\000\040\000a\000n\000d\000\040\000E\000f\000f\000e\000c\000t\000i\000v\000e\000\040\000R\000e\000s\000i\000s\000t\000a\000n\000c\000e}{part.2}% 39
\BOOKMARK [1][-]{section.5.1}{\376\377\000W\000h\000a\000t\000\040\000i\000s\000\040\000a\000\040\000\050\000M\000o\000o\000r\000e\000-\000P\000e\000n\000r\000o\000s\000e\000\051\000\040\000P\000s\000e\000u\000d\000o\000i\000n\000v\000e\000r\000s\000e\000?}{chapter.5}% 40
\BOOKMARK [1][-]{section.5.2}{\376\377\000E\000l\000e\000c\000t\000r\000i\000c\000a\000l\000\040\000F\000l\000o\000w\000s\000\040\000A\000g\000a\000i\000n}{chapter.5}% 41
\BOOKMARK [1][-]{section.5.3}{\376\377\000E\000f\000f\000e\000c\000t\000i\000v\000e\000\040\000R\000e\000s\000i\000s\000t\000a\000n\000c\000e}{chapter.5}% 42
\BOOKMARK [2][-]{subsection.5.3.1}{\376\377\000E\000f\000f\000e\000c\000t\000i\000v\000e\000\040\000R\000e\000s\000i\000s\000t\000a\000n\000c\000e\000\040\000i\000s\000\040\000a\000\040\000D\000i\000s\000t\000a\000n\000c\000e}{section.5.3}% 43
\BOOKMARK [0][-]{chapter.6}{\376\377\000D\000i\000f\000f\000e\000r\000e\000n\000t\000\040\000P\000e\000r\000s\000p\000e\000c\000t\000i\000v\000e\000s\000\040\000o\000n\000\040\000G\000a\000u\000s\000s\000i\000a\000n\000\040\000E\000l\000i\000m\000i\000n\000a\000t\000i\000o\000n}{part.2}% 44
\BOOKMARK [1][-]{section.6.1}{\376\377\000A\000n\000\040\000O\000p\000t\000i\000m\000i\000z\000a\000t\000i\000o\000n\000\040\000V\000i\000e\000w\000\040\000o\000f\000\040\000G\000a\000u\000s\000s\000i\000a\000n\000\040\000E\000l\000i\000m\000i\000n\000a\000t\000i\000o\000n\000\040\000f\000o\000r\000\040\000L\000a\000p\000l\000a\000c\000i\000a\000n\000s}{chapter.6}% 45
\BOOKMARK [1][-]{section.6.2}{\376\377\000A\000n\000\040\000A\000d\000d\000i\000t\000i\000v\000e\000\040\000V\000i\000e\000w\000\040\000o\000f\000\040\000G\000a\000u\000s\000s\000i\000a\000n\000\040\000E\000l\000i\000m\000i\000n\000a\000t\000i\000o\000n}{chapter.6}% 46
\BOOKMARK [0][-]{chapter.7}{\376\377\000C\000o\000n\000d\000u\000c\000t\000a\000n\000c\000e\000,\000\040\000E\000x\000p\000a\000n\000d\000e\000r\000s\000\040\000a\000n\000d\000\040\000C\000h\000e\000e\000g\000e\000r\000'\000s\000\040\000I\000n\000e\000q\000u\000a\000l\000i\000t\000y}{part.2}% 47
\BOOKMARK [1][-]{section.7.1}{\376\377\000C\000o\000n\000d\000u\000c\000t\000a\000n\000c\000e\000\040\000a\000n\000d\000\040\000E\000x\000p\000a\000n\000d\000e\000r\000s}{chapter.7}% 48
\BOOKMARK [1][-]{section.7.2}{\376\377\000A\000\040\000L\000o\000w\000e\000r\000\040\000B\000o\000u\000n\000d\000\040\000f\000o\000r\000\040\000C\000o\000n\000d\000u\000c\000t\000a\000n\000c\000e\000\040\000v\000i\000a\000\040\000E\000i\000g\000e\000n\000v\000a\000l\000u\000e\000s}{chapter.7}% 49
\BOOKMARK [1][-]{section.7.3}{\376\377\000A\000n\000\040\000U\000p\000p\000e\000r\000\040\000B\000o\000u\000n\000d\000\040\000f\000o\000r\000\040\000C\000o\000n\000d\000u\000c\000t\000a\000n\000c\000e\000\040\000v\000i\000a\000\040\000E\000i\000g\000e\000n\000v\000a\000l\000u\000e\000s}{chapter.7}% 50
\BOOKMARK [1][-]{section.7.4}{\376\377\000C\000o\000n\000c\000l\000u\000s\000i\000o\000n}{chapter.7}% 51
\BOOKMARK [0][-]{chapter.8}{\376\377\000R\000a\000n\000d\000o\000m\000\040\000W\000a\000l\000k\000s}{part.2}% 52
\BOOKMARK [1][-]{section.8.1}{\376\377\000A\000\040\000P\000r\000i\000m\000e\000r\000\040\000o\000n\000\040\000R\000a\000n\000d\000o\000m\000\040\000W\000a\000l\000k\000s}{chapter.8}% 53
\BOOKMARK [1][-]{section.8.2}{\376\377\000C\000o\000n\000v\000e\000r\000g\000e\000n\000c\000e\000\040\000R\000e\000s\000u\000l\000t\000s\000\040\000f\000o\000r\000\040\000R\000a\000n\000d\000o\000m\000\040\000W\000a\000l\000k\000s}{chapter.8}% 54
\BOOKMARK [2][-]{subsection.8.2.1}{\376\377\000M\000a\000k\000i\000n\000g\000\040\000R\000a\000n\000d\000o\000m\000\040\000W\000a\000l\000k\000s\000\040\000L\000a\000z\000y}{section.8.2}% 55
\BOOKMARK [2][-]{subsection.8.2.2}{\376\377\000C\000o\000n\000v\000e\000r\000g\000e\000n\000c\000e\000\040\000o\000f\000\040\000L\000a\000z\000y\000\040\000R\000a\000n\000d\000o\000m\000\040\000W\000a\000l\000k\000s}{section.8.2}% 56
\BOOKMARK [2][-]{subsection.8.2.3}{\376\377\000T\000h\000e\000\040\000R\000a\000t\000e\000\040\000o\000f\000\040\000C\000o\000n\000v\000e\000r\000g\000e\000n\000c\000e}{section.8.2}% 57
\BOOKMARK [1][-]{section.8.3}{\376\377\000P\000r\000o\000p\000e\000r\000t\000i\000e\000s\000\040\000o\000f\000\040\000R\000a\000n\000d\000o\000m\000\040\000W\000a\000l\000k\000s}{chapter.8}% 58
\BOOKMARK [2][-]{subsection.8.3.1}{\376\377\000H\000i\000t\000t\000i\000n\000g\000\040\000T\000i\000m\000e\000s}{section.8.3}% 59
\BOOKMARK [2][-]{subsection.8.3.2}{\376\377\000C\000o\000m\000m\000u\000t\000e\000\040\000T\000i\000m\000e}{section.8.3}% 60
\BOOKMARK [0][-]{chapter.9}{\376\377\000R\000a\000n\000d\000o\000m\000\040\000M\000a\000t\000r\000i\000x\000\040\000C\000o\000n\000c\000e\000n\000t\000r\000a\000t\000i\000o\000n\000\040\000a\000n\000d\000\040\000S\000p\000e\000c\000t\000r\000a\000l\000\040\000G\000r\000a\000p\000h\000\040\000S\000p\000a\000r\000s\000i\000f\000i\000c\000a\000t\000i\000o\000n}{part.2}% 61
\BOOKMARK [1][-]{section.9.1}{\376\377\000M\000a\000t\000r\000i\000x\000\040\000S\000a\000m\000p\000l\000i\000n\000g\000\040\000a\000n\000d\000\040\000A\000p\000p\000r\000o\000x\000i\000m\000a\000t\000i\000o\000n}{chapter.9}% 62
\BOOKMARK [1][-]{section.9.2}{\376\377\000M\000a\000t\000r\000i\000x\000\040\000C\000o\000n\000c\000e\000n\000t\000r\000a\000t\000i\000o\000n}{chapter.9}% 63
\BOOKMARK [2][-]{subsection.9.2.1}{\376\377\000M\000a\000t\000r\000i\000x\000\040\000F\000u\000n\000c\000t\000i\000o\000n\000s}{section.9.2}% 64
\BOOKMARK [2][-]{subsection.9.2.2}{\376\377\000M\000o\000n\000o\000t\000o\000n\000i\000c\000i\000t\000y\000\040\000a\000n\000d\000\040\000O\000p\000e\000r\000a\000t\000o\000r\000\040\000M\000o\000n\000o\000t\000o\000n\000i\000c\000i\000t\000y}{section.9.2}% 65
\BOOKMARK [2][-]{subsection.9.2.3}{\376\377\000S\000o\000m\000e\000\040\000U\000s\000e\000f\000u\000l\000\040\000F\000a\000c\000t\000s}{section.9.2}% 66
\BOOKMARK [2][-]{subsection.9.2.4}{\376\377\000P\000r\000o\000o\000f\000\040\000o\000f\000\040\000M\000a\000t\000r\000i\000x\000\040\000B\000e\000r\000n\000s\000t\000e\000i\000n\000\040\000C\000o\000n\000c\000e\000n\000t\000r\000a\000t\000i\000o\000n\000\040\000B\000o\000u\000n\000d}{section.9.2}% 67
\BOOKMARK [1][-]{section.9.3}{\376\377\000S\000p\000e\000c\000t\000r\000a\000l\000\040\000G\000r\000a\000p\000h\000\040\000S\000p\000a\000r\000s\000i\000f\000i\000c\000a\000t\000i\000o\000n}{chapter.9}% 68
\BOOKMARK [0][-]{chapter.10}{\376\377\000S\000o\000l\000v\000i\000n\000g\000\040\000L\000a\000p\000l\000a\000c\000i\000a\000n\000\040\000L\000i\000n\000e\000a\000r\000\040\000E\000q\000u\000a\000t\000i\000o\000n\000s}{part.2}% 69
\BOOKMARK [1][-]{section.10.1}{\376\377\000S\000o\000l\000v\000i\000n\000g\000\040\000L\000i\000n\000e\000a\000r\000\040\000E\000q\000u\000a\000t\000i\000o\000n\000s\000\040\000A\000p\000p\000r\000o\000x\000i\000m\000a\000t\000e\000l\000y}{chapter.10}% 70
\BOOKMARK [1][-]{section.10.2}{\376\377\000P\000r\000e\000c\000o\000n\000d\000i\000t\000i\000o\000n\000i\000n\000g\000\040\000a\000n\000d\000\040\000A\000p\000p\000r\000o\000x\000i\000m\000a\000t\000e\000\040\000G\000a\000u\000s\000s\000i\000a\000n\000\040\000E\000l\000i\000m\000i\000n\000a\000t\000i\000o\000n}{chapter.10}% 71
\BOOKMARK [1][-]{section.10.3}{\376\377\000A\000p\000p\000r\000o\000x\000i\000m\000a\000t\000e\000\040\000G\000a\000u\000s\000s\000i\000a\000n\000\040\000E\000l\000i\000m\000i\000n\000a\000t\000i\000o\000n\000\040\000A\000l\000g\000o\000r\000i\000t\000h\000m}{chapter.10}% 72
\BOOKMARK [1][-]{section.10.4}{\376\377\000A\000n\000a\000l\000y\000z\000i\000n\000g\000\040\000A\000p\000p\000r\000o\000x\000i\000m\000a\000t\000e\000\040\000G\000a\000u\000s\000s\000i\000a\000n\000\040\000E\000l\000i\000m\000i\000n\000a\000t\000i\000o\000n}{chapter.10}% 73
\BOOKMARK [2][-]{subsection.10.4.1}{\376\377\000N\000o\000r\000m\000a\000l\000i\000z\000a\000t\000i\000o\000n\000,\000\040\000a\000.\000k\000.\000a\000.\000\040\000I\000s\000o\000t\000r\000o\000p\000i\000c\000\040\000P\000o\000s\000i\000t\000i\000o\000n}{section.10.4}% 74
\BOOKMARK [2][-]{subsection.10.4.2}{\376\377\000M\000a\000r\000t\000i\000n\000g\000a\000l\000e\000s}{section.10.4}% 75
\BOOKMARK [2][-]{subsection.10.4.3}{\376\377\000M\000a\000r\000t\000i\000n\000g\000a\000l\000e\000\040\000D\000i\000f\000f\000e\000r\000e\000n\000c\000e\000\040\000S\000e\000q\000u\000e\000n\000c\000e\000\040\000a\000s\000\040\000E\000d\000g\000e\000-\000S\000a\000m\000p\000l\000e\000s}{section.10.4}% 76
\BOOKMARK [2][-]{subsection.10.4.4}{\376\377\000S\000t\000o\000p\000p\000e\000d\000\040\000M\000a\000r\000t\000i\000n\000g\000a\000l\000e\000s}{section.10.4}% 77
\BOOKMARK [2][-]{subsection.10.4.5}{\376\377\000S\000a\000m\000p\000l\000e\000\040\000N\000o\000r\000m\000\040\000C\000o\000n\000t\000r\000o\000l}{section.10.4}% 78
\BOOKMARK [2][-]{subsection.10.4.6}{\376\377\000R\000a\000n\000d\000o\000m\000\040\000M\000a\000t\000r\000i\000x\000\040\000C\000o\000n\000c\000e\000n\000t\000r\000a\000t\000i\000o\000n\000\040\000f\000r\000o\000m\000\040\000T\000r\000a\000c\000e\000\040\000E\000x\000p\000o\000n\000e\000n\000t\000i\000a\000l\000s}{section.10.4}% 79
\BOOKMARK [2][-]{subsection.10.4.7}{\376\377\000M\000e\000a\000n\000-\000E\000x\000p\000o\000n\000e\000n\000t\000i\000a\000l\000\040\000B\000o\000u\000n\000d\000s\000\040\000f\000r\000o\000m\000\040\000V\000a\000r\000i\000a\000n\000c\000e\000\040\000B\000o\000u\000n\000d\000s}{section.10.4}% 80
\BOOKMARK [2][-]{subsection.10.4.8}{\376\377\000T\000h\000e\000\040\000O\000v\000e\000r\000a\000l\000l\000\040\000M\000e\000a\000n\000-\000T\000r\000a\000c\000e\000-\000E\000x\000p\000o\000n\000e\000n\000t\000i\000a\000l\000\040\000B\000o\000u\000n\000d}{section.10.4}% 81
\BOOKMARK [-1][-]{part.3}{\376\377\000I\000I\000I\000\040\000C\000o\000m\000b\000i\000n\000a\000t\000o\000r\000i\000a\000l\000\040\000G\000r\000a\000p\000h\000\040\000A\000l\000g\000o\000r\000i\000t\000h\000m\000s}{}% 82
\BOOKMARK [0][-]{chapter.11}{\376\377\000C\000l\000a\000s\000s\000i\000c\000a\000l\000\040\000A\000l\000g\000o\000r\000i\000t\000h\000m\000s\000\040\000f\000o\000r\000\040\000M\000a\000x\000i\000m\000u\000m\000\040\000F\000l\000o\000w\000\040\000I}{part.3}% 83
\BOOKMARK [1][-]{section.11.1}{\376\377\000M\000a\000x\000i\000m\000u\000m\000\040\000F\000l\000o\000w}{chapter.11}% 84
\BOOKMARK [1][-]{section.11.2}{\376\377\000F\000l\000o\000w\000\040\000D\000e\000c\000o\000m\000p\000o\000s\000i\000t\000i\000o\000n}{chapter.11}% 85
\BOOKMARK [1][-]{section.11.3}{\376\377\000C\000u\000t\000s\000\040\000a\000n\000d\000\040\000M\000i\000n\000i\000m\000u\000m\000\040\000C\000u\000t\000s}{chapter.11}% 86
\BOOKMARK [1][-]{section.11.4}{\376\377\000A\000l\000g\000o\000r\000i\000t\000h\000m\000s\000\040\000f\000o\000r\000\040\000M\000a\000x\000\040\000f\000l\000o\000w}{chapter.11}% 87
\BOOKMARK [0][-]{chapter.12}{\376\377\000C\000l\000a\000s\000s\000i\000c\000a\000l\000\040\000A\000l\000g\000o\000r\000i\000t\000h\000m\000s\000\040\000f\000o\000r\000\040\000M\000a\000x\000i\000m\000u\000m\000\040\000F\000l\000o\000w\000\040\000I\000I}{part.3}% 88
\BOOKMARK [1][-]{section.12.1}{\376\377\000O\000v\000e\000r\000v\000i\000e\000w}{chapter.12}% 89
\BOOKMARK [1][-]{section.12.2}{\376\377\000B\000l\000o\000c\000k\000i\000n\000g\000\040\000F\000l\000o\000w\000s}{chapter.12}% 90
\BOOKMARK [1][-]{section.12.3}{\376\377\000D\000i\000n\000i\000c\000'\000s\000\040\000A\000l\000g\000o\000r\000i\000t\000h\000m}{chapter.12}% 91
\BOOKMARK [1][-]{section.12.4}{\376\377\000F\000i\000n\000d\000i\000n\000g\000\040\000B\000l\000o\000c\000k\000i\000n\000g\000\040\000F\000l\000o\000w\000s}{chapter.12}% 92
\BOOKMARK [1][-]{section.12.5}{\376\377\000M\000i\000n\000i\000m\000u\000m\000\040\000C\000u\000t\000\040\000a\000s\000\040\000a\000\040\000L\000i\000n\000e\000a\000r\000\040\000P\000r\000o\000g\000r\000a\000m}{chapter.12}% 93
\BOOKMARK [0][-]{chapter.13}{\376\377\000T\000h\000e\000\040\000C\000u\000t\000-\000M\000a\000t\000c\000h\000i\000n\000g\000\040\000G\000a\000m\000e\000:\000\040\000E\000x\000p\000a\000n\000d\000e\000r\000s\000\040\000v\000i\000a\000\040\000M\000a\000x\000\040\000F\000l\000o\000w}{part.3}% 94
\BOOKMARK [1][-]{section.13.1}{\376\377\000I\000n\000t\000r\000o\000d\000u\000c\000t\000i\000o\000n}{chapter.13}% 95
\BOOKMARK [1][-]{section.13.2}{\376\377\000E\000m\000b\000e\000d\000d\000i\000n\000g\000\040\000G\000r\000a\000p\000h\000s\000\040\000i\000n\000t\000o\000\040\000E\000x\000p\000a\000n\000d\000e\000r\000s}{chapter.13}% 96
\BOOKMARK [1][-]{section.13.3}{\376\377\000T\000h\000e\000\040\000C\000u\000t\000-\000M\000a\000t\000c\000h\000i\000n\000g\000\040\000A\000l\000g\000o\000r\000i\000t\000h\000m}{chapter.13}% 97
\BOOKMARK [1][-]{section.13.4}{\376\377\000C\000o\000n\000s\000t\000r\000u\000c\000t\000i\000n\000g\000\040\000a\000n\000\040\000E\000x\000p\000a\000n\000d\000e\000r\000\040\000v\000i\000a\000\040\000R\000a\000n\000d\000o\000m\000\040\000W\000a\000l\000k\000s}{chapter.13}% 98
\BOOKMARK [-1][-]{part.4}{\376\377\000I\000V\000\040\000F\000u\000r\000t\000h\000e\000r\000\040\000T\000o\000p\000i\000c\000s\000\040\000i\000n\000\040\000C\000o\000n\000v\000e\000x\000\040\000O\000p\000t\000i\000m\000i\000z\000a\000t\000i\000o\000n}{}% 99
\BOOKMARK [0][-]{chapter.14}{\376\377\000S\000e\000p\000a\000r\000a\000t\000i\000n\000g\000\040\000H\000y\000p\000e\000r\000p\000l\000a\000n\000e\000s\000,\000\040\000L\000a\000g\000r\000a\000n\000g\000e\000\040\000M\000u\000l\000t\000i\000p\000l\000i\000e\000r\000s\000,\000\040\000K\000K\000T\000\040\000C\000o\000n\000d\000i\000t\000i\000o\000n\000s\000,\000\040\000a\000n\000d\000\040\000C\000o\000n\000v\000e\000x\000\040\000D\000u\000a\000l\000i\000t\000y}{part.4}% 100
\BOOKMARK [1][-]{section.14.1}{\376\377\000O\000v\000e\000r\000v\000i\000e\000w}{chapter.14}% 101
\BOOKMARK [1][-]{section.14.2}{\376\377\000S\000e\000p\000a\000r\000a\000t\000i\000n\000g\000\040\000H\000y\000p\000e\000r\000p\000l\000a\000n\000e\000\040\000T\000h\000e\000o\000r\000e\000m}{chapter.14}% 102
\BOOKMARK [1][-]{section.14.3}{\376\377\000L\000a\000g\000r\000a\000n\000g\000e\000\040\000M\000u\000l\000t\000i\000p\000l\000i\000e\000r\000s\000\040\000a\000n\000d\000\040\000D\000u\000a\000l\000i\000t\000y\000\040\000o\000f\000\040\000C\000o\000n\000v\000e\000x\000\040\000P\000r\000o\000b\000l\000e\000m\000s}{chapter.14}% 103
\BOOKMARK [2][-]{subsection.14.3.1}{\376\377\000K\000a\000r\000u\000s\000h\000-\000K\000u\000h\000n\000\040\000T\000u\000c\000k\000e\000r\000\040\000O\000p\000t\000i\000m\000a\000l\000i\000t\000y\000\040\000C\000o\000n\000d\000i\000t\000i\000o\000n\000s\000\040\000f\000o\000r\000\040\000C\000o\000n\000v\000e\000x\000\040\000P\000r\000o\000b\000l\000e\000m\000s}{section.14.3}% 104
\BOOKMARK [2][-]{subsection.14.3.2}{\376\377\000S\000l\000a\000t\000e\000r\000'\000s\000\040\000C\000o\000n\000d\000i\000t\000i\000o\000n}{section.14.3}% 105
\BOOKMARK [2][-]{subsection.14.3.3}{\376\377\000T\000h\000e\000\040\000L\000a\000g\000r\000a\000n\000g\000i\000a\000n\000\040\000a\000n\000d\000\040\000T\000h\000e\000\040\000D\000u\000a\000l\000\040\000P\000r\000o\000g\000r\000a\000m}{section.14.3}% 106
\BOOKMARK [2][-]{subsection.14.3.4}{\376\377\000S\000t\000r\000o\000n\000g\000\040\000D\000u\000a\000l\000i\000t\000y\000\040\000a\000n\000d\000\040\000K\000K\000T}{section.14.3}% 107
\BOOKMARK [2][-]{subsection.14.3.5}{\376\377\000P\000r\000o\000o\000f\000\040\000t\000h\000a\000t\000\040\000S\000l\000a\000t\000e\000r\000'\000s\000\040\000C\000o\000n\000d\000i\000t\000i\000o\000n\000\040\000I\000m\000p\000l\000i\000e\000s\000\040\000S\000t\000r\000o\000n\000g\000\040\000D\000u\000a\000l\000i\000t\000y}{section.14.3}% 108
\BOOKMARK [0][-]{chapter.15}{\376\377\000F\000e\000n\000c\000h\000e\000l\000\040\000C\000o\000n\000j\000u\000g\000a\000t\000e\000s\000\040\000a\000n\000d\000\040\000N\000e\000w\000t\000o\000n\000'\000s\000\040\000M\000e\000t\000h\000o\000d}{part.4}% 109
\BOOKMARK [1][-]{section.15.1}{\376\377\000L\000a\000g\000r\000a\000n\000g\000e\000\040\000M\000u\000l\000t\000i\000p\000l\000i\000e\000r\000s\000\040\000a\000n\000d\000\040\000C\000o\000n\000v\000e\000x\000\040\000D\000u\000a\000l\000i\000t\000y\000\040\000R\000e\000c\000a\000p}{chapter.15}% 110
\BOOKMARK [1][-]{section.15.2}{\376\377\000F\000e\000n\000c\000h\000e\000l\000\040\000C\000o\000n\000j\000u\000g\000a\000t\000e\000s}{chapter.15}% 111
\BOOKMARK [1][-]{section.15.3}{\376\377\000N\000e\000w\000t\000o\000n\000'\000s\000\040\000M\000e\000t\000h\000o\000d}{chapter.15}% 112
\BOOKMARK [2][-]{subsection.15.3.1}{\376\377\000W\000a\000r\000m\000-\000u\000p\000:\000\040\000Q\000u\000a\000d\000r\000a\000t\000i\000c\000\040\000O\000p\000t\000i\000m\000i\000z\000a\000t\000i\000o\000n}{section.15.3}% 113
\BOOKMARK [2][-]{subsection.15.3.2}{\376\377\000K\000-\000s\000t\000a\000b\000l\000e\000\040\000H\000e\000s\000s\000i\000a\000n}{section.15.3}% 114
\BOOKMARK [2][-]{subsection.15.3.3}{\376\377\000L\000i\000n\000e\000a\000r\000l\000y\000\040\000C\000o\000n\000s\000t\000r\000a\000i\000n\000e\000d\000\040\000N\000e\000w\000t\000o\000n\000'\000s\000\040\000M\000e\000t\000h\000o\000d}{section.15.3}% 115
\BOOKMARK [0][-]{chapter.16}{\376\377\000I\000n\000t\000e\000r\000i\000o\000r\000\040\000P\000o\000i\000n\000t\000\040\000M\000e\000t\000h\000o\000d\000s\000\040\000f\000o\000r\000\040\000M\000a\000x\000i\000m\000u\000m\000\040\000F\000l\000o\000w}{part.4}% 116
\BOOKMARK [1][-]{section.16.1}{\376\377\000A\000n\000\040\000I\000n\000t\000e\000r\000i\000o\000r\000\040\000P\000o\000i\000n\000t\000\040\000M\000e\000t\000h\000o\000d}{chapter.16}% 117
\BOOKMARK [2][-]{subsection.16.1.1}{\376\377\000A\000\040\000B\000a\000r\000r\000i\000e\000r\000\040\000F\000u\000n\000c\000t\000i\000o\000n\000\040\000a\000n\000d\000\040\000a\000n\000\040\000A\000l\000g\000o\000r\000i\000t\000h\000m}{section.16.1}% 118
\BOOKMARK [2][-]{subsection.16.1.2}{\376\377\000U\000p\000d\000a\000t\000e\000s\000\040\000u\000s\000i\000n\000g\000\040\000D\000i\000v\000e\000r\000g\000e\000n\000c\000e}{section.16.1}% 119
\BOOKMARK [2][-]{subsection.16.1.3}{\376\377\000U\000n\000d\000e\000r\000s\000t\000a\000n\000d\000i\000n\000g\000\040\000t\000h\000e\000\040\000D\000i\000v\000e\000r\000g\000e\000n\000c\000e\000\040\000O\000b\000j\000e\000c\000t\000i\000v\000e}{section.16.1}% 120
\BOOKMARK [2][-]{subsection.16.1.4}{\376\377\000Q\000u\000a\000d\000r\000a\000t\000i\000c\000a\000l\000l\000y\000\040\000S\000m\000o\000o\000t\000h\000i\000n\000g\000\040\000D\000i\000v\000e\000r\000g\000e\000n\000c\000e\000\040\000a\000n\000d\000\040\000L\000o\000c\000a\000l\000\040\000A\000g\000r\000e\000e\000m\000e\000n\000t}{section.16.1}% 121
\BOOKMARK [2][-]{subsection.16.1.5}{\376\377\000S\000t\000e\000p\000\040\000s\000i\000z\000e\000\040\000f\000o\000r\000\040\000d\000i\000v\000e\000r\000g\000e\000n\000c\000e\000\040\000u\000p\000d\000a\000t\000e}{section.16.1}% 122
\BOOKMARK [-1][-]{part.5}{\376\377\000V\000\040\000F\000u\000r\000t\000h\000e\000r\000\040\000T\000o\000p\000i\000c\000s\000\040\000i\000n\000\040\000C\000o\000m\000b\000i\000n\000a\000t\000o\000r\000i\000a\000l\000\040\000G\000r\000a\000p\000h\000\040\000A\000l\000g\000o\000r\000i\000t\000h\000m\000s}{}% 123
\BOOKMARK [0][-]{chapter.17}{\376\377\000L\000o\000w\000-\000D\000i\000a\000m\000e\000t\000e\000r\000\040\000D\000e\000c\000o\000m\000p\000o\000s\000i\000t\000i\000o\000n\000s}{part.5}% 124
\BOOKMARK [1][-]{section.17.1}{\376\377\000L\000o\000w\000-\000D\000i\000a\000m\000e\000t\000e\000r\000\040\000D\000e\000c\000o\000m\000p\000o\000s\000i\000t\000i\000o\000n\000\040\000i\000n\000\040\000U\000n\000d\000i\000r\000e\000c\000t\000e\000d\000\040\000G\000r\000a\000p\000h\000s}{chapter.17}% 125
\BOOKMARK [1][-]{section.17.2}{\376\377\000G\000e\000n\000e\000r\000a\000l\000i\000z\000i\000n\000g\000\040\000L\000D\000D\000s\000\040\000t\000o\000\040\000D\000i\000r\000e\000c\000t\000e\000d\000\040\000G\000r\000a\000p\000h\000s}{chapter.17}% 126
\BOOKMARK [0][-]{chapter.18}{\376\377\000N\000e\000g\000a\000t\000i\000v\000e\000\040\000S\000i\000n\000g\000l\000e\000-\000S\000o\000u\000r\000c\000e\000\040\000S\000h\000o\000r\000t\000e\000s\000t\000\040\000P\000a\000t\000h\000s}{part.5}% 127
\BOOKMARK [1][-]{section.18.1}{\376\377\000A\000\040\000N\000o\000t\000-\000S\000o\000-\000B\000r\000i\000e\000f\000\040\000R\000e\000c\000a\000p\000:\000\040\000C\000l\000a\000s\000s\000i\000c\000\040\000A\000l\000g\000o\000r\000i\000t\000h\000m\000s\000\040\000f\000o\000r\000\040\000H\000a\000n\000d\000l\000i\000n\000g\000\040\000N\000e\000g\000a\000t\000i\000v\000e\000\040\000W\000e\000i\000g\000h\000t\000s}{chapter.18}% 128
\BOOKMARK [1][-]{section.18.2}{\376\377\000S\000c\000a\000l\000i\000n\000g\000\040\000f\000o\000r\000\040\000t\000h\000e\000\040\000N\000e\000g\000a\000t\000i\000v\000e\000-\000W\000e\000i\000g\000h\000t\000\040\000S\000S\000S\000P\000\040\000P\000r\000o\000b\000l\000e\000m}{chapter.18}% 129
\BOOKMARK [1][-]{section.18.3}{\376\377\000T\000h\000e\000\040\000\050\000N\000o\000r\000m\000a\000l\000i\000z\000e\000d\000\051\000\040\000N\000e\000g\000a\000t\000i\000v\000e\000-\000W\000e\000i\000g\000h\000t\000\040\000S\000S\000S\000P\000\040\000P\000r\000o\000b\000l\000e\000m}{chapter.18}% 130
\BOOKMARK [1][-]{section.18.4}{\376\377\000A\000\040\000N\000e\000a\000r\000-\000L\000i\000n\000e\000a\000r\000-\000T\000i\000m\000e\000\040\000A\000l\000g\000o\000r\000i\000t\000h\000m}{chapter.18}% 131
\BOOKMARK [0][-]{chapter.19}{\376\377\000M\000a\000x\000i\000m\000u\000m\000\040\000M\000a\000t\000c\000h\000i\000n\000g}{part.5}% 132
\BOOKMARK [1][-]{section.19.1}{\376\377\000B\000i\000p\000a\000r\000t\000i\000t\000e\000\040\000M\000a\000t\000c\000h\000i\000n\000g}{chapter.19}% 133
\BOOKMARK [2][-]{subsection.19.1.1}{\376\377\000U\000n\000i\000t\000\040\000E\000d\000g\000e\000\040\000W\000e\000i\000g\000h\000t\000s}{section.19.1}% 134
\BOOKMARK [2][-]{subsection.19.1.2}{\376\377\000G\000e\000n\000e\000r\000a\000l\000\040\000E\000d\000g\000e\000\040\000W\000e\000i\000g\000h\000t\000s}{section.19.1}% 135
\BOOKMARK [2][-]{subsection.19.1.3}{\376\377\000F\000a\000s\000t\000e\000r\000\040\000I\000m\000p\000l\000e\000m\000e\000n\000t\000a\000t\000i\000o\000n}{section.19.1}% 136
\BOOKMARK [1][-]{section.19.2}{\376\377\000G\000e\000n\000e\000r\000a\000l\000\040\000G\000r\000a\000p\000h\000\040\000M\000a\000t\000c\000h\000i\000n\000g}{chapter.19}% 137
\BOOKMARK [2][-]{subsection.19.2.1}{\376\377\000U\000n\000i\000t\000\040\000E\000d\000g\000e\000\040\000W\000e\000i\000g\000h\000t\000s}{section.19.2}% 138
\BOOKMARK [2][-]{subsection.19.2.2}{\376\377\000G\000e\000n\000e\000r\000a\000l\000\040\000E\000d\000g\000e\000\040\000W\000e\000i\000g\000h\000t\000s}{section.19.2}% 139
